<?xml version="1.0" encoding="utf-8"?><testsuites><testsuite name="pytest" errors="0" failures="0" skipped="0" tests="38" time="1.915" timestamp="2025-04-02T10:04:56.137350+09:00" hostname="MacBook-Pro-92.local"><testcase classname="tests.test_api_endpoints" name="test_health_check_endpoint" time="0.030" /><testcase classname="tests.test_app" name="test_health_check" time="0.006" /><testcase classname="tests.test_app" name="test_filter_data" time="0.016" /><testcase classname="tests.test_app" name="test_filter_data_with_timestamp_range" time="0.007" /><testcase classname="tests.test_app" name="test_invalid_json" time="0.006" /><testcase classname="tests.test_app" name="test_missing_events_key" time="0.006" /><testcase classname="tests.test_app" name="test_invalid_timestamp" time="0.006" /><testcase classname="tests.test_app.TestProcessData" name="test_filter_by_event_type" time="0.004" /><testcase classname="tests.test_app.TestProcessData" name="test_filter_by_attributes" time="0.001" /><testcase classname="tests.test_app.TestProcessData" name="test_filter_by_timestamp_range" time="0.001" /><testcase classname="tests.test_app.TestProcessData" name="test_invalid_timestamp_format" time="0.006" /><testcase classname="tests.test_app.TestProcessData" name="test_empty_data" time="0.002" /><testcase classname="tests.test_cases" name="test_process_data_valid_inputs" time="0.001" /><testcase classname="tests.test_cases" name="test_process_data_empty_data" time="0.002" /><testcase classname="tests.test_cases" name="test_process_data_invalid_timestamps" time="0.002" /><testcase classname="tests.test_cases" name="test_process_data_no_matching_filters" time="0.003" /><testcase classname="tests.test_cases" name="test_process_data_overlapping_timestamps" time="0.001" /><testcase classname="tests.test_cases" name="test_process_data_missing_attributes" time="0.001" /><testcase classname="tests.test_cases" name="test_process_data_large_dataset" time="0.006" /><testcase classname="tests.test_cases" name="test_health_check_endpoint" time="0.007" /><testcase classname="tests.test_cases" name="test_filter_data_valid_input" time="0.008" /><testcase classname="tests.test_cases" name="test_filter_data_missing_json_data" time="0.006" /><testcase classname="tests.test_cases" name="test_filter_data_missing_events_key" time="0.009" /><testcase classname="tests.test_cases" name="test_filter_data_invalid_timestamp_format" time="0.005" /><testcase classname="tests.test_cases" name="test_filter_data_no_matching_filters" time="0.007" /><testcase classname="tests.test_cases" name="test_filter_data_integration" time="0.010" /><testcase classname="tests.test_filter_data" name="test_filter_data_valid_input" time="0.007" /><testcase classname="tests.test_filter_data" name="test_filter_data_missing_json_data" time="0.007" /><testcase classname="tests.test_filter_data" name="test_filter_data_missing_events_key" time="0.008" /><testcase classname="tests.test_filter_data" name="test_filter_data_invalid_timestamp_format" time="0.007" /><testcase classname="tests.test_filter_data" name="test_filter_data_no_matching_filters" time="0.005" /><testcase classname="tests.test_integration" name="test_filter_data_integration" time="0.006" /><testcase classname="tests.test_process_data" name="test_process_data_valid_inputs" time="0.002" /><testcase classname="tests.test_process_data" name="test_process_data_empty_data" time="0.001" /><testcase classname="tests.test_process_data" name="test_process_data_invalid_timestamps" time="0.001" /><testcase classname="tests.test_process_data" name="test_process_data_no_matching_filters" time="0.002" /><testcase classname="tests.test_process_data" name="test_process_data_missing_attributes" time="0.001" /><testcase classname="tests.test_process_data" name="test_process_data_large_dataset" time="0.007" /></testsuite></testsuites>